datalayer/sample/wear/build/intermediates/manifest_merge_blame_file/debug/processDebugMainManifest/manifest-merger-blame-debug-report.txt
1<?xml version="1.0" encoding="utf-8"?>
2<!--
3  ~ Copyright 2023 The Android Open Source Project
4  ~
5  ~ Licensed under the Apache License, Version 2.0 (the "License");
6  ~ you may not use this file except in compliance with the License.
7  ~ You may obtain a copy of the License at
8  ~
9  ~      https://www.apache.org/licenses/LICENSE-2.0
10  ~
11  ~ Unless required by applicable law or agreed to in writing, software
12  ~ distributed under the License is distributed on an "AS IS" BASIS,
13  ~ WITHOUT WARRANTIES OR CONDITIONS OF ANY KIND, either express or implied.
14  ~ See the License for the specific language governing permissions and
15  ~ limitations under the License.
16-->
17<manifest xmlns:android="http://schemas.android.com/apk/res/android"
18    package="com.google.android.horologist.datalayer.sample.debug"
19    android:versionCode="1"
20    android:versionName="1.0" >
21
22    <uses-sdk
23        android:minSdkVersion="26"
24        android:targetSdkVersion="34" />
25
26    <uses-permission android:name="android.permission.INTERNET" />
26-->src\main\AndroidManifest.xml:20:5-67
26-->src\main\AndroidManifest.xml:20:22-64
27
28    <uses-feature android:name="android.hardware.type.watch" />
28-->src\main\AndroidManifest.xml:22:5-64
28-->src\main\AndroidManifest.xml:22:19-61
29
30    <!--
31        Required in order to very briefly wake up the screen of the device when launching an app /
32        Activity remotely via the AppHelper.
33    -->
34    <uses-permission android:name="android.permission.WAKE_LOCK" />
34-->[:datalayer:core] AndroidManifest.xml:30:5-68
34-->[:datalayer:core] AndroidManifest.xml:30:22-65
35    <!--
36        Required to be able to identify the companion with NodeClient, via calls to
37        getCompanionPackageForNode().
38    -->
39    <queries>
39-->[:datalayer:core] AndroidManifest.xml:36:5-42:15
40        <intent>
40-->[:datalayer:core] AndroidManifest.xml:37:9-41:18
41            <action android:name="com.google.android.gms.wearable.CAPABILITY_CHANGED" />
41-->[:datalayer:core] AndroidManifest.xml:38:13-89
41-->[:datalayer:core] AndroidManifest.xml:38:21-86
42
43            <data android:scheme="wear" />
43-->src\main\AndroidManifest.xml:63:17-66:45
43-->src\main\AndroidManifest.xml:66:21-42
44        </intent>
45        <intent>
45-->[androidx.wear.tiles:tiles:1.4.1] AndroidManifest.xml:8:9-10:18
46            <action android:name="androidx.wear.tiles.action.BIND_UPDATE_REQUESTER" />
46-->[androidx.wear.tiles:tiles:1.4.1] AndroidManifest.xml:9:13-87
46-->[androidx.wear.tiles:tiles:1.4.1] AndroidManifest.xml:9:21-84
47        </intent>
48    </queries>
49
50    <permission
50-->[androidx.core:core:1.13.1] AndroidManifest.xml:22:5-24:47
51        android:name="com.google.android.horologist.datalayer.sample.debug.DYNAMIC_RECEIVER_NOT_EXPORTED_PERMISSION"
51-->[androidx.core:core:1.13.1] AndroidManifest.xml:23:9-81
52        android:protectionLevel="signature" />
52-->[androidx.core:core:1.13.1] AndroidManifest.xml:24:9-44
53
54    <uses-permission android:name="com.google.android.horologist.datalayer.sample.debug.DYNAMIC_RECEIVER_NOT_EXPORTED_PERMISSION" />
54-->[androidx.core:core:1.13.1] AndroidManifest.xml:26:5-97
54-->[androidx.core:core:1.13.1] AndroidManifest.xml:26:22-94
55
56    <application
56-->src\main\AndroidManifest.xml:24:5-83:19
57        android:name="com.google.android.horologist.datalayer.sample.SampleApplication"
57-->src\main\AndroidManifest.xml:25:9-42
58        android:allowBackup="true"
58-->src\main\AndroidManifest.xml:26:9-35
59        android:appComponentFactory="androidx.core.app.CoreComponentFactory"
59-->[androidx.core:core:1.13.1] AndroidManifest.xml:28:18-86
60        android:debuggable="true"
61        android:extractNativeLibs="false"
62        android:icon="@mipmap/ic_launcher_round"
62-->src\main\AndroidManifest.xml:27:9-49
63        android:label="@string/app_name"
63-->src\main\AndroidManifest.xml:28:9-41
64        android:supportsRtl="true"
64-->src\main\AndroidManifest.xml:29:9-35
65        android:testOnly="true"
66        android:theme="@android:style/ThemeOverlay.Material.Dark" >
66-->src\main\AndroidManifest.xml:30:9-66
67        <uses-library
67-->src\main\AndroidManifest.xml:32:9-34:39
68            android:name="com.google.android.wearable"
68-->src\main\AndroidManifest.xml:33:13-55
69            android:required="true" />
69-->src\main\AndroidManifest.xml:34:13-36
70
71        <meta-data
71-->src\main\AndroidManifest.xml:36:9-38:36
72            android:name="com.google.android.wearable.standalone"
72-->src\main\AndroidManifest.xml:37:13-66
73            android:value="true" />
73-->src\main\AndroidManifest.xml:38:13-33
74
75        <activity
75-->src\main\AndroidManifest.xml:40:9-51:20
76            android:name="com.google.android.horologist.datalayer.sample.MainActivity"
76-->src\main\AndroidManifest.xml:41:13-41
77            android:exported="true"
77-->src\main\AndroidManifest.xml:42:13-36
78            android:taskAffinity=".main" >
78-->src\main\AndroidManifest.xml:43:13-41
79            <intent-filter>
79-->src\main\AndroidManifest.xml:45:13-49:29
80                <action android:name="android.intent.action.MAIN" />
80-->src\main\AndroidManifest.xml:46:17-69
80-->src\main\AndroidManifest.xml:46:25-66
81
82                <category android:name="android.intent.category.LAUNCHER" />
82-->src\main\AndroidManifest.xml:48:17-77
82-->src\main\AndroidManifest.xml:48:27-74
83            </intent-filter>
84        </activity>
85        <activity
85-->src\main\AndroidManifest.xml:53:9-56:44
86            android:name="com.google.android.horologist.datalayer.sample.screens.startremote.StartRemoteSampleActivity"
86-->src\main\AndroidManifest.xml:54:13-74
87            android:exported="false"
87-->src\main\AndroidManifest.xml:55:13-37
88            android:taskAffinity=".main" />
88-->src\main\AndroidManifest.xml:56:13-41
89
90        <service
90-->src\main\AndroidManifest.xml:58:9-68:19
91            android:name="com.google.android.horologist.datalayer.sample.screens.nodes.SampleDataService"
91-->src\main\AndroidManifest.xml:59:13-106
92            android:exported="true" >
92-->src\main\AndroidManifest.xml:60:13-36
93            <intent-filter>
93-->src\main\AndroidManifest.xml:61:13-67:29
94                <action android:name="com.google.android.gms.wearable.DATA_CHANGED" />
94-->src\main\AndroidManifest.xml:62:17-87
94-->src\main\AndroidManifest.xml:62:25-84
95
96                <data
96-->src\main\AndroidManifest.xml:63:17-66:45
97                    android:host="*"
97-->src\main\AndroidManifest.xml:64:21-37
98                    android:pathPrefix="/proto/"
98-->src\main\AndroidManifest.xml:65:21-49
99                    android:scheme="wear" />
99-->src\main\AndroidManifest.xml:66:21-42
100            </intent-filter>
101        </service>
102        <service
102-->src\main\AndroidManifest.xml:70:9-81:19
103            android:name="com.google.android.horologist.datalayer.sample.SampleTileService"
103-->src\main\AndroidManifest.xml:71:13-46
104            android:exported="true"
104-->src\main\AndroidManifest.xml:72:13-36
105            android:permission="com.google.android.wearable.permission.BIND_TILE_PROVIDER" >
105-->src\main\AndroidManifest.xml:73:13-91
106            <intent-filter>
106-->src\main\AndroidManifest.xml:74:13-76:29
107                <action android:name="androidx.wear.tiles.action.BIND_TILE_PROVIDER" />
107-->src\main\AndroidManifest.xml:75:17-88
107-->src\main\AndroidManifest.xml:75:25-85
108            </intent-filter>
109
110            <meta-data
110-->src\main\AndroidManifest.xml:78:13-80:61
111                android:name="androidx.wear.tiles.PREVIEW"
111-->src\main\AndroidManifest.xml:79:17-59
112                android:resource="@drawable/tile_preview" />
112-->src\main\AndroidManifest.xml:80:17-58
113        </service>
114        <service
114-->[:datalayer:watch] AndroidManifest.xml:26:9-38:19
115            android:name="com.google.android.horologist.datalayer.watch.WearDataLayerListenerService"
115-->[:datalayer:watch] AndroidManifest.xml:27:13-102
116            android:exported="true" >
116-->[:datalayer:watch] AndroidManifest.xml:28:13-36
117            <intent-filter>
117-->[:datalayer:watch] AndroidManifest.xml:30:13-37:29
118                <action android:name="com.google.android.gms.wearable.REQUEST_RECEIVED" />
118-->[:datalayer:watch] AndroidManifest.xml:31:17-91
118-->[:datalayer:watch] AndroidManifest.xml:31:25-88
119
120                <data
120-->src\main\AndroidManifest.xml:63:17-66:45
121                    android:host="*"
121-->src\main\AndroidManifest.xml:64:21-37
122                    android:path="/data_layer_app_helper/launch_app"
123                    android:scheme="wear" />
123-->src\main\AndroidManifest.xml:66:21-42
124            </intent-filter>
125        </service>
126
127        <activity
127-->[androidx.compose.ui:ui-tooling-android:1.8.0-alpha01] AndroidManifest.xml:23:9-25:39
128            android:name="androidx.compose.ui.tooling.PreviewActivity"
128-->[androidx.compose.ui:ui-tooling-android:1.8.0-alpha01] AndroidManifest.xml:24:13-71
129            android:exported="true" />
129-->[androidx.compose.ui:ui-tooling-android:1.8.0-alpha01] AndroidManifest.xml:25:13-36
130
131        <uses-library
131-->[androidx.wear.compose:compose-foundation:1.5.0-alpha04] AndroidManifest.xml:23:9-25:40
132            android:name="wear-sdk"
132-->[androidx.wear.compose:compose-foundation:1.5.0-alpha04] AndroidManifest.xml:24:13-36
133            android:required="false" />
133-->[androidx.wear.compose:compose-foundation:1.5.0-alpha04] AndroidManifest.xml:25:13-37
134
135        <activity
135-->[com.google.android.gms:play-services-base:18.5.0] AndroidManifest.xml:5:9-173
136            android:name="com.google.android.gms.common.api.GoogleApiActivity"
136-->[com.google.android.gms:play-services-base:18.5.0] AndroidManifest.xml:5:19-85
137            android:exported="false"
137-->[com.google.android.gms:play-services-base:18.5.0] AndroidManifest.xml:5:146-170
138            android:theme="@android:style/Theme.Translucent.NoTitleBar" />
138-->[com.google.android.gms:play-services-base:18.5.0] AndroidManifest.xml:5:86-145
139
140        <provider
140-->[androidx.emoji2:emoji2:1.4.0] AndroidManifest.xml:24:9-32:20
141            android:name="androidx.startup.InitializationProvider"
141-->[androidx.emoji2:emoji2:1.4.0] AndroidManifest.xml:25:13-67
142            android:authorities="com.google.android.horologist.datalayer.sample.debug.androidx-startup"
142-->[androidx.emoji2:emoji2:1.4.0] AndroidManifest.xml:26:13-68
143            android:exported="false" >
143-->[androidx.emoji2:emoji2:1.4.0] AndroidManifest.xml:27:13-37
144            <meta-data
144-->[androidx.emoji2:emoji2:1.4.0] AndroidManifest.xml:29:13-31:52
145                android:name="androidx.emoji2.text.EmojiCompatInitializer"
145-->[androidx.emoji2:emoji2:1.4.0] AndroidManifest.xml:30:17-75
146                android:value="androidx.startup" />
146-->[androidx.emoji2:emoji2:1.4.0] AndroidManifest.xml:31:17-49
147            <meta-data
147-->[androidx.lifecycle:lifecycle-process:2.9.0-alpha02] AndroidManifest.xml:29:13-31:52
148                android:name="androidx.lifecycle.ProcessLifecycleInitializer"
148-->[androidx.lifecycle:lifecycle-process:2.9.0-alpha02] AndroidManifest.xml:30:17-78
149                android:value="androidx.startup" />
149-->[androidx.lifecycle:lifecycle-process:2.9.0-alpha02] AndroidManifest.xml:31:17-49
150            <meta-data
150-->[androidx.profileinstaller:profileinstaller:1.4.0] AndroidManifest.xml:29:13-31:52
151                android:name="androidx.profileinstaller.ProfileInstallerInitializer"
151-->[androidx.profileinstaller:profileinstaller:1.4.0] AndroidManifest.xml:30:17-85
152                android:value="androidx.startup" />
152-->[androidx.profileinstaller:profileinstaller:1.4.0] AndroidManifest.xml:31:17-49
153        </provider>
154
155        <receiver
155-->[androidx.profileinstaller:profileinstaller:1.4.0] AndroidManifest.xml:34:9-52:20
156            android:name="androidx.profileinstaller.ProfileInstallReceiver"
156-->[androidx.profileinstaller:profileinstaller:1.4.0] AndroidManifest.xml:35:13-76
157            android:directBootAware="false"
157-->[androidx.profileinstaller:profileinstaller:1.4.0] AndroidManifest.xml:36:13-44
158            android:enabled="true"
158-->[androidx.profileinstaller:profileinstaller:1.4.0] AndroidManifest.xml:37:13-35
159            android:exported="true"
159-->[androidx.profileinstaller:profileinstaller:1.4.0] AndroidManifest.xml:38:13-36
160            android:permission="android.permission.DUMP" >
160-->[androidx.profileinstaller:profileinstaller:1.4.0] AndroidManifest.xml:39:13-57
161            <intent-filter>
161-->[androidx.profileinstaller:profileinstaller:1.4.0] AndroidManifest.xml:40:13-42:29
162                <action android:name="androidx.profileinstaller.action.INSTALL_PROFILE" />
162-->[androidx.profileinstaller:profileinstaller:1.4.0] AndroidManifest.xml:41:17-91
162-->[androidx.profileinstaller:profileinstaller:1.4.0] AndroidManifest.xml:41:25-88
163            </intent-filter>
164            <intent-filter>
164-->[androidx.profileinstaller:profileinstaller:1.4.0] AndroidManifest.xml:43:13-45:29
165                <action android:name="androidx.profileinstaller.action.SKIP_FILE" />
165-->[androidx.profileinstaller:profileinstaller:1.4.0] AndroidManifest.xml:44:17-85
165-->[androidx.profileinstaller:profileinstaller:1.4.0] AndroidManifest.xml:44:25-82
166            </intent-filter>
167            <intent-filter>
167-->[androidx.profileinstaller:profileinstaller:1.4.0] AndroidManifest.xml:46:13-48:29
168                <action android:name="androidx.profileinstaller.action.SAVE_PROFILE" />
168-->[androidx.profileinstaller:profileinstaller:1.4.0] AndroidManifest.xml:47:17-88
168-->[androidx.profileinstaller:profileinstaller:1.4.0] AndroidManifest.xml:47:25-85
169            </intent-filter>
170            <intent-filter>
170-->[androidx.profileinstaller:profileinstaller:1.4.0] AndroidManifest.xml:49:13-51:29
171                <action android:name="androidx.profileinstaller.action.BENCHMARK_OPERATION" />
171-->[androidx.profileinstaller:profileinstaller:1.4.0] AndroidManifest.xml:50:17-95
171-->[androidx.profileinstaller:profileinstaller:1.4.0] AndroidManifest.xml:50:25-92
172            </intent-filter>
173        </receiver>
174
175        <meta-data
175-->[com.google.android.gms:play-services-basement:18.4.0] AndroidManifest.xml:6:9-122
176            android:name="com.google.android.gms.version"
176-->[com.google.android.gms:play-services-basement:18.4.0] AndroidManifest.xml:6:20-65
177            android:value="@integer/google_play_services_version" />
177-->[com.google.android.gms:play-services-basement:18.4.0] AndroidManifest.xml:6:66-119
178
179        <activity
179-->[androidx.compose.ui:ui-test-manifest:1.8.0-alpha01] AndroidManifest.xml:23:9-25:39
180            android:name="androidx.activity.ComponentActivity"
180-->[androidx.compose.ui:ui-test-manifest:1.8.0-alpha01] AndroidManifest.xml:24:13-63
181            android:exported="true" />
181-->[androidx.compose.ui:ui-test-manifest:1.8.0-alpha01] AndroidManifest.xml:25:13-36
182    </application>
183
184</manifest>